\BOOKMARK [1][-]{section.1}{Introduction}{}% 1
\BOOKMARK [1][-]{section.2}{Background}{}% 2
\BOOKMARK [2][-]{subsection.2.1}{Dropout}{section.2}% 3
\BOOKMARK [2][-]{subsection.2.2}{Gaussian Processes}{section.2}% 4
\BOOKMARK [2][-]{subsection.2.3}{Variational Inference}{section.2}% 5
\BOOKMARK [1][-]{section.3}{Dropout as a Bayesian Approximation}{}% 6
\BOOKMARK [2][-]{subsection.3.1}{A Gaussian Process Approximation}{section.3}% 7
\BOOKMARK [2][-]{subsection.3.2}{Variational Inference in the Approximate Model}{section.3}% 8
\BOOKMARK [2][-]{subsection.3.3}{Evaluating the Log Evidence Lower Bound for Regression}{section.3}% 9
\BOOKMARK [2][-]{subsection.3.4}{Log Evidence Lower Bound Optimisation}{section.3}% 10
\BOOKMARK [1][-]{section.4}{Extensions}{}% 11
\BOOKMARK [2][-]{subsection.4.1}{Evaluating the Log Evidence Lower Bound for Classification}{section.4}% 12
\BOOKMARK [2][-]{subsection.4.2}{Prior Length-scale}{section.4}% 13
\BOOKMARK [2][-]{subsection.4.3}{Mini-batch Optimisation}{section.4}% 14
\BOOKMARK [2][-]{subsection.4.4}{Predictive Log-likelihood}{section.4}% 15
\BOOKMARK [2][-]{subsection.4.5}{Going Deeper than a Single Hidden Layer}{section.4}% 16
\BOOKMARK [1][-]{section.5}{Insights and Applications}{}% 17
\BOOKMARK [2][-]{subsection.5.1}{Insights}{section.5}% 18
\BOOKMARK [3][-]{subsubsection.5.1.1}{Model Calibration}{subsection.5.1}% 19
\BOOKMARK [2][-]{subsection.5.2}{Applications}{section.5}% 20
\BOOKMARK [1][-]{section.6}{Conclusions}{}% 21
\BOOKMARK [1][-]{appendix.A}{KL of a Mixture of Gaussians}{}% 22
\BOOKMARK [1][-]{appendix.B}{Log Evidence Lower Bound for Classification}{}% 23
\BOOKMARK [1][-]{appendix.C}{Predictive Mean}{}% 24
\BOOKMARK [1][-]{appendix.D}{Predictive Variance}{}% 25
\BOOKMARK [1][-]{appendix.E}{Detailed Experiment Set-up}{}% 26
\BOOKMARK [2][-]{subsection.E.1}{Model Uncertainty in Regression Tasks \205 Extrapolation}{appendix.E}% 27
\BOOKMARK [2][-]{subsection.E.2}{Model Uncertainty in Reinforcement Learning}{appendix.E}% 28
\BOOKMARK [2][-]{subsection.E.3}{Model Uncertainty in Regression Tasks \205 Interpolation}{appendix.E}% 29
